<?xml version="1.0" encoding="UTF-8"?>
<!-- Generated by org.testng.reporters.JUnitReportReporter -->
<testsuite hostname="DESKTOP-KCJU303" failures="0" tests="1" name="manipal2.DataDrivenTesting.ReadExcel" time="15.851" errors="0" timestamp="2024-03-03T22:32:01 PST" skipped="0">
  <testcase classname="manipal2.DataDrivenTesting.ReadExcel" name="fblogin" time="15.851"/>
  <system-out/>
</testsuite> <!-- manipal2.DataDrivenTesting.ReadExcel -->
