<?xml version="1.0" encoding="UTF-8"?>
<!-- Generated by org.testng.reporters.JUnitReportReporter -->
<testsuite hostname="DESKTOP-KCJU303" failures="0" tests="1" name="manipal2.DataDrivenTesting.WriteToExcel" time="9.651" errors="0" timestamp="2024-03-03T22:32:01 PST" skipped="0">
  <testcase classname="manipal2.DataDrivenTesting.WriteToExcel" name="fblogin" time="9.651"/>
  <system-out/>
</testsuite> <!-- manipal2.DataDrivenTesting.WriteToExcel -->
